C51 COMPILER V9.54   ____LED                                                               05/08/2021 07:46:26 PAGE 1   


C51 COMPILER V9.54, COMPILATION OF MODULE ____LED
OBJECT MODULE PLACED IN ..\程序\点亮LED.obj
COMPILER INVOKED BY: D:\Keil_v5\C51\BIN\C51.EXE 点亮LED.c LARGE OPTIMIZE(8,SPEED) BROWSE MODP2 DEBUG OBJECTEXTEND PRINT(
                    -.\Listings\点亮LED.lst) TABS(2) OBJECT(..\程序\点亮LED.obj)

line level    source

   1          #include "reg52.h"
   2          
   3          //时钟为12M 1个时钟为0.0833us
   4          //12个时钟 为一个机械周期 大约1us  for 一般为2个周期 
   5          void delay(unsigned int j)
   6          {
   7   1        unsigned int i; 
   8   1        for(;j > 0 ;j--)
   9   1        {
  10   2          for(i = 1000; i > 0; i--);    
  11   2        }
  12   1      }
  13          
  14          void main()
  15          {
  16   1        char Led = 0x01;
  17   1        for(;;)
  18   1        {
  19   2      
  20   2          P0 = Led;
  21   2          
  22   2          delay(100); //大约0.8S
  23   2          
  24   2          Led = Led <<1 ;
  25   2          if(Led == 0)
  26   2          {
  27   3            Led = 0x01;
  28   3          }
  29   2          
  30   2        }
  31   1      }


MODULE INFORMATION:   STATIC OVERLAYABLE
   CODE SIZE        =     51    ----
   CONSTANT SIZE    =   ----    ----
   XDATA SIZE       =   ----    ----
   PDATA SIZE       =   ----    ----
   DATA SIZE        =   ----    ----
   IDATA SIZE       =   ----    ----
   BIT SIZE         =   ----    ----
END OF MODULE INFORMATION.


C51 COMPILATION COMPLETE.  0 WARNING(S),  0 ERROR(S)
