C51 COMPILER V9.54   MAIN                                                                  05/13/2021 00:32:15 PAGE 1   


C51 COMPILER V9.54, COMPILATION OF MODULE MAIN
OBJECT MODULE PLACED IN .\Objects\main.obj
COMPILER INVOKED BY: D:\Keil_v5\C51\BIN\C51.EXE main.c LARGE OPTIMIZE(8,SPEED) BROWSE MODP2 INCDIR(.\APP\WDT;.\APP\Task;
                    -.\APP\TimeBase) DEBUG OBJECTEXTEND PRINT(.\Listings\main.lst) TABS(2) OBJECT(.\Objects\main.obj)

line level    source

   1          #include "include.h"
   2          
   3          void main()
   4          {
   5   1        EA = 0;
   6   1        Timer0Init(250);
   7   1        WDTInit();
   8   1        EA = 1;
   9   1        for(;;)
  10   1        {
  11   2          Task_Process();
  12   2          ClearWDT();
  13   2        }
  14   1      
  15   1      }


MODULE INFORMATION:   STATIC OVERLAYABLE
   CODE SIZE        =     20    ----
   CONSTANT SIZE    =   ----    ----
   XDATA SIZE       =   ----    ----
   PDATA SIZE       =   ----    ----
   DATA SIZE        =   ----    ----
   IDATA SIZE       =   ----    ----
   BIT SIZE         =   ----    ----
END OF MODULE INFORMATION.


C51 COMPILATION COMPLETE.  0 WARNING(S),  0 ERROR(S)
